  Skeleton.cpp
c:\users\csulak ferenc\desktop\grafika\programs\skeleton\skeleton\skeleton.cpp(153): warning C4305: 'argument': truncation from 'double' to 'float'
c:\users\csulak ferenc\desktop\grafika\programs\skeleton\skeleton\skeleton.cpp(167): warning C4996: 'sprintf': This function or variable may be unsafe. Consider using sprintf_s instead. To disable deprecation, use _CRT_SECURE_NO_WARNINGS. See online help for details.
  c:\program files (x86)\windows kits\10\include\10.0.17763.0\ucrt\stdio.h(1774): note: see declaration of 'sprintf'
c:\users\csulak ferenc\desktop\grafika\programs\skeleton\skeleton\skeleton.cpp(169): warning C4996: 'sprintf': This function or variable may be unsafe. Consider using sprintf_s instead. To disable deprecation, use _CRT_SECURE_NO_WARNINGS. See online help for details.
  c:\program files (x86)\windows kits\10\include\10.0.17763.0\ucrt\stdio.h(1774): note: see declaration of 'sprintf'
c:\users\csulak ferenc\desktop\grafika\programs\skeleton\skeleton\skeleton.cpp(171): warning C4996: 'sprintf': This function or variable may be unsafe. Consider using sprintf_s instead. To disable deprecation, use _CRT_SECURE_NO_WARNINGS. See online help for details.
  c:\program files (x86)\windows kits\10\include\10.0.17763.0\ucrt\stdio.h(1774): note: see declaration of 'sprintf'
c:\users\csulak ferenc\desktop\grafika\programs\skeleton\skeleton\skeleton.cpp(173): warning C4996: 'sprintf': This function or variable may be unsafe. Consider using sprintf_s instead. To disable deprecation, use _CRT_SECURE_NO_WARNINGS. See online help for details.
  c:\program files (x86)\windows kits\10\include\10.0.17763.0\ucrt\stdio.h(1774): note: see declaration of 'sprintf'
c:\users\csulak ferenc\desktop\grafika\programs\skeleton\skeleton\skeleton.cpp(176): warning C4996: 'sprintf': This function or variable may be unsafe. Consider using sprintf_s instead. To disable deprecation, use _CRT_SECURE_NO_WARNINGS. See online help for details.
  c:\program files (x86)\windows kits\10\include\10.0.17763.0\ucrt\stdio.h(1774): note: see declaration of 'sprintf'
c:\users\csulak ferenc\desktop\grafika\programs\skeleton\skeleton\skeleton.cpp(179): warning C4996: 'sprintf': This function or variable may be unsafe. Consider using sprintf_s instead. To disable deprecation, use _CRT_SECURE_NO_WARNINGS. See online help for details.
  c:\program files (x86)\windows kits\10\include\10.0.17763.0\ucrt\stdio.h(1774): note: see declaration of 'sprintf'
c:\users\csulak ferenc\desktop\grafika\programs\skeleton\skeleton\skeleton.cpp(182): warning C4996: 'sprintf': This function or variable may be unsafe. Consider using sprintf_s instead. To disable deprecation, use _CRT_SECURE_NO_WARNINGS. See online help for details.
  c:\program files (x86)\windows kits\10\include\10.0.17763.0\ucrt\stdio.h(1774): note: see declaration of 'sprintf'
c:\users\csulak ferenc\desktop\grafika\programs\skeleton\skeleton\skeleton.cpp(191): warning C4305: 'argument': truncation from 'double' to 'float'
c:\users\csulak ferenc\desktop\grafika\programs\skeleton\skeleton\skeleton.cpp(217): warning C4996: 'sprintf': This function or variable may be unsafe. Consider using sprintf_s instead. To disable deprecation, use _CRT_SECURE_NO_WARNINGS. See online help for details.
  c:\program files (x86)\windows kits\10\include\10.0.17763.0\ucrt\stdio.h(1774): note: see declaration of 'sprintf'
c:\users\csulak ferenc\desktop\grafika\programs\skeleton\skeleton\skeleton.cpp(220): warning C4996: 'sprintf': This function or variable may be unsafe. Consider using sprintf_s instead. To disable deprecation, use _CRT_SECURE_NO_WARNINGS. See online help for details.
  c:\program files (x86)\windows kits\10\include\10.0.17763.0\ucrt\stdio.h(1774): note: see declaration of 'sprintf'
c:\users\csulak ferenc\desktop\grafika\programs\skeleton\skeleton\skeleton.cpp(224): warning C4996: 'sprintf': This function or variable may be unsafe. Consider using sprintf_s instead. To disable deprecation, use _CRT_SECURE_NO_WARNINGS. See online help for details.
  c:\program files (x86)\windows kits\10\include\10.0.17763.0\ucrt\stdio.h(1774): note: see declaration of 'sprintf'
c:\users\csulak ferenc\desktop\grafika\programs\skeleton\skeleton\skeleton.cpp(237): warning C4244: '=': conversion from 'double' to 'float', possible loss of data
c:\users\csulak ferenc\desktop\grafika\programs\skeleton\skeleton\skeleton.cpp(283): warning C4305: 'initializing': truncation from 'double' to 'float'
c:\users\csulak ferenc\desktop\grafika\programs\skeleton\skeleton\skeleton.cpp(286): warning C4305: 'argument': truncation from 'double' to 'float'
c:\users\csulak ferenc\desktop\grafika\programs\skeleton\skeleton\skeleton.cpp(289): warning C4244: 'argument': conversion from 'double' to 'float', possible loss of data
c:\users\csulak ferenc\desktop\grafika\programs\skeleton\skeleton\skeleton.cpp(290): warning C4244: 'argument': conversion from 'double' to 'float', possible loss of data
c:\users\csulak ferenc\desktop\grafika\programs\skeleton\skeleton\skeleton.cpp(293): warning C4305: 'argument': truncation from 'double' to 'float'
c:\users\csulak ferenc\desktop\grafika\programs\skeleton\skeleton\skeleton.cpp(298): warning C4018: '<': signed/unsigned mismatch
c:\users\csulak ferenc\desktop\grafika\programs\skeleton\skeleton\skeleton.cpp(301): warning C4018: '<': signed/unsigned mismatch
c:\users\csulak ferenc\desktop\grafika\programs\skeleton\skeleton\skeleton.cpp(380): warning C4305: 'argument': truncation from 'double' to 'float'
  Skeleton.vcxproj -> C:\Users\Csulak Ferenc\Desktop\grafika\Programs\Skeleton\bin\Skeleton.exe
