  Skeleton.cpp
c:\users\csulak ferenc\desktop\grafika\programs\skeleton\skeleton\skeleton.cpp(178): warning C4244: 'argument': conversion from 'double' to 'float', possible loss of data
c:\users\csulak ferenc\desktop\grafika\programs\skeleton\skeleton\skeleton.cpp(213): warning C4018: '>=': signed/unsigned mismatch
c:\users\csulak ferenc\desktop\grafika\programs\skeleton\skeleton\skeleton.cpp(221): warning C4244: 'return': conversion from 'double' to 'float', possible loss of data
c:\users\csulak ferenc\desktop\grafika\programs\skeleton\skeleton\skeleton.cpp(232): warning C4018: '<': signed/unsigned mismatch
c:\users\csulak ferenc\desktop\grafika\programs\skeleton\skeleton\skeleton.cpp(244): warning C4244: 'initializing': conversion from 'double' to 'float', possible loss of data
c:\users\csulak ferenc\desktop\grafika\programs\skeleton\skeleton\skeleton.cpp(246): warning C4244: 'initializing': conversion from 'double' to 'float', possible loss of data
c:\users\csulak ferenc\desktop\grafika\programs\skeleton\skeleton\skeleton.cpp(392): warning C4244: 'argument': conversion from 'double' to 'float', possible loss of data
c:\users\csulak ferenc\desktop\grafika\programs\skeleton\skeleton\skeleton.cpp(414): warning C4244: 'argument': conversion from 'double' to 'float', possible loss of data
c:\users\csulak ferenc\desktop\grafika\programs\skeleton\skeleton\skeleton.cpp(430): warning C4244: 'argument': conversion from 'double' to 'float', possible loss of data
c:\users\csulak ferenc\desktop\grafika\programs\skeleton\skeleton\skeleton.cpp(446): warning C4244: 'argument': conversion from 'double' to 'float', possible loss of data
c:\users\csulak ferenc\desktop\grafika\programs\skeleton\skeleton\skeleton.cpp(447): warning C4305: 'argument': truncation from 'double' to 'float'
c:\users\csulak ferenc\desktop\grafika\programs\skeleton\skeleton\skeleton.cpp(448): warning C4305: 'argument': truncation from 'double' to 'float'
c:\users\csulak ferenc\desktop\grafika\programs\skeleton\skeleton\skeleton.cpp(472): warning C4305: 'initializing': truncation from 'double' to 'float'
c:\users\csulak ferenc\desktop\grafika\programs\skeleton\skeleton\skeleton.cpp(568): warning C4244: 'initializing': conversion from 'double' to 'int', possible loss of data
c:\users\csulak ferenc\desktop\grafika\programs\skeleton\skeleton\skeleton.cpp(554): warning C4018: '<': signed/unsigned mismatch
c:\users\csulak ferenc\desktop\grafika\programs\skeleton\skeleton\skeleton.cpp(571): warning C4018: '>=': signed/unsigned mismatch
c:\users\csulak ferenc\desktop\grafika\programs\skeleton\skeleton\skeleton.cpp(579): warning C4244: 'return': conversion from 'double' to 'float', possible loss of data
c:\users\csulak ferenc\desktop\grafika\programs\skeleton\skeleton\skeleton.cpp(592): warning C4018: '<': signed/unsigned mismatch
c:\users\csulak ferenc\desktop\grafika\programs\skeleton\skeleton\skeleton.cpp(604): warning C4244: 'initializing': conversion from 'double' to 'float', possible loss of data
c:\users\csulak ferenc\desktop\grafika\programs\skeleton\skeleton\skeleton.cpp(606): warning C4244: 'initializing': conversion from 'double' to 'float', possible loss of data
c:\users\csulak ferenc\desktop\grafika\programs\skeleton\skeleton\skeleton.cpp(619): warning C4018: '<': signed/unsigned mismatch
c:\users\csulak ferenc\desktop\grafika\programs\skeleton\skeleton\skeleton.cpp(631): warning C4244: 'initializing': conversion from 'double' to 'float', possible loss of data
c:\users\csulak ferenc\desktop\grafika\programs\skeleton\skeleton\skeleton.cpp(633): warning C4244: 'initializing': conversion from 'double' to 'float', possible loss of data
c:\users\csulak ferenc\desktop\grafika\programs\skeleton\skeleton\skeleton.cpp(691): warning C4244: 'argument': conversion from 'int' to 'float', possible loss of data
c:\users\csulak ferenc\desktop\grafika\programs\skeleton\skeleton\skeleton.cpp(692): warning C4244: 'argument': conversion from 'int' to 'float', possible loss of data
c:\users\csulak ferenc\desktop\grafika\programs\skeleton\skeleton\skeleton.cpp(769): warning C4305: 'initializing': truncation from 'double' to 'float'
c:\users\csulak ferenc\desktop\grafika\programs\skeleton\skeleton\skeleton.cpp(779): warning C4244: 'initializing': conversion from 'double' to 'float', possible loss of data
c:\users\csulak ferenc\desktop\grafika\programs\skeleton\skeleton\skeleton.cpp(799): warning C4305: 'initializing': truncation from 'double' to 'float'
c:\users\csulak ferenc\desktop\grafika\programs\skeleton\skeleton\skeleton.cpp(808): warning C4244: 'initializing': conversion from 'double' to 'float', possible loss of data
c:\users\csulak ferenc\desktop\grafika\programs\skeleton\skeleton\skeleton.cpp(781): warning C4101: 'R': unreferenced local variable
c:\users\csulak ferenc\desktop\grafika\programs\skeleton\skeleton\skeleton.cpp(780): warning C4101: 'dr': unreferenced local variable
c:\users\csulak ferenc\desktop\grafika\programs\skeleton\skeleton\skeleton.cpp(810): warning C4101: 'R': unreferenced local variable
c:\users\csulak ferenc\desktop\grafika\programs\skeleton\skeleton\skeleton.cpp(809): warning C4101: 'dr': unreferenced local variable
  Generating code
  2 of 251 functions ( 0.8%) were compiled, the rest were copied from previous compilation.
    0 functions were new in current compilation
    1 functions had inline decision re-evaluated but remain unchanged
  Finished generating code
  Skeleton.vcxproj -> C:\Users\Csulak Ferenc\Desktop\grafika\Programs\Skeleton\bin\Skeleton.exe
